# JRE version: OpenJDK Runtime Environment (17.0.11) (build 17.0.11+0--11852314)
# Java VM: OpenJDK 64-Bit Server VM (17.0.11+0--11852314, mixed mode, tiered, compressed oops, compressed class ptrs, g1 gc, windows-amd64)
GC Precious Log:
 CPUs: 8 total, 8 available
 Memory: 7934M
 Large Page Support: Disabled
 NUMA Support: Disabled
 Compressed Oops: Enabled (32-bit)
 Heap Region Size: 1M
 Heap Min Capacity: 8M
 Heap Initial Capacity: 124M
 Heap Max Capacity: 2G
 Pre-touch: Disabled
 Parallel Workers: 8
 Concurrent Workers: 2
 Concurrent Refinement Workers: 8
 Periodic GC: Disabled
Heap:
 garbage-first heap   total 247808K, used 188355K [0x0000000080000000, 0x0000000100000000)
  region size 1024K, 25 young (25600K), 6 survivors (6144K)
 Metaspace       used 119264K, committed 120192K, reserved 1179648K
  class space    used 15653K, committed 16128K, reserved 1048576K
GC Heap History (20 events):
Event: 41.152 GC heap before
{Heap before GC invocations=47 (full 0):
 garbage-first heap   total 205824K, used 167816K [0x0000000080000000, 0x0000000100000000)
  region size 1024K, 30 young (30720K), 5 survivors (5120K)
 Metaspace       used 112245K, committed 113088K, reserved 1179648K
  class space    used 14944K, committed 15360K, reserved 1048576K
}
Event: 41.164 GC heap after
{Heap after GC invocations=48 (full 0):
 garbage-first heap   total 205824K, used 144350K [0x0000000080000000, 0x0000000100000000)
  region size 1024K, 1 young (1024K), 1 survivors (1024K)
 Metaspace       used 112245K, committed 113088K, reserved 1179648K
  class space    used 14944K, committed 15360K, reserved 1048576K
}
Event: 41.797 GC heap before
{Heap before GC invocations=48 (full 0):
 garbage-first heap   total 205824K, used 173022K [0x0000000080000000, 0x0000000100000000)
  region size 1024K, 16 young (16384K), 1 survivors (1024K)
 Metaspace       used 112402K, committed 113216K, reserved 1179648K
  class space    used 14958K, committed 15360K, reserved 1048576K
}
Event: 41.803 GC heap after
{Heap after GC invocations=49 (full 0):
 garbage-first heap   total 205824K, used 158627K [0x0000000080000000, 0x0000000100000000)
  region size 1024K, 4 young (4096K), 4 survivors (4096K)
 Metaspace       used 112402K, committed 113216K, reserved 1179648K
  class space    used 14958K, committed 15360K, reserved 1048576K
}
Event: 42.301 GC heap before
{Heap before GC invocations=49 (full 0):
 garbage-first heap   total 205824K, used 185251K [0x0000000080000000, 0x0000000100000000)
  region size 1024K, 18 young (18432K), 4 survivors (4096K)
 Metaspace       used 112785K, committed 113664K, reserved 1179648K
  class space    used 15003K, committed 15424K, reserved 1048576K
}
Event: 42.308 GC heap after
{Heap after GC invocations=50 (full 0):
 garbage-first heap   total 205824K, used 152981K [0x0000000080000000, 0x0000000100000000)
  region size 1024K, 3 young (3072K), 3 survivors (3072K)
 Metaspace       used 112785K, committed 113664K, reserved 1179648K
  class space    used 15003K, committed 15424K, reserved 1048576K
}
Event: 42.696 GC heap before
{Heap before GC invocations=50 (full 0):
 garbage-first heap   total 205824K, used 171413K [0x0000000080000000, 0x0000000100000000)
  region size 1024K, 21 young (21504K), 3 survivors (3072K)
 Metaspace       used 112838K, committed 113728K, reserved 1179648K
  class space    used 15011K, committed 15424K, reserved 1048576K
}
Event: 42.704 GC heap after
{Heap after GC invocations=51 (full 0):
 garbage-first heap   total 205824K, used 156236K [0x0000000080000000, 0x0000000100000000)
  region size 1024K, 3 young (3072K), 3 survivors (3072K)
 Metaspace       used 112838K, committed 113728K, reserved 1179648K
  class space    used 15011K, committed 15424K, reserved 1048576K
}
Event: 43.511 GC heap before
{Heap before GC invocations=51 (full 0):
 garbage-first heap   total 205824K, used 171596K [0x0000000080000000, 0x0000000100000000)
  region size 1024K, 19 young (19456K), 3 survivors (3072K)
 Metaspace       used 113984K, committed 114816K, reserved 1179648K
  class space    used 15106K, committed 15488K, reserved 1048576K
}
Event: 43.515 GC heap after
{Heap after GC invocations=52 (full 0):
 garbage-first heap   total 247808K, used 158582K [0x0000000080000000, 0x0000000100000000)
  region size 1024K, 3 young (3072K), 3 survivors (3072K)
 Metaspace       used 113984K, committed 114816K, reserved 1179648K
  class space    used 15106K, committed 15488K, reserved 1048576K
}
Event: 44.030 GC heap before
{Heap before GC invocations=52 (full 0):
 garbage-first heap   total 247808K, used 199542K [0x0000000080000000, 0x0000000100000000)
  region size 1024K, 44 young (45056K), 3 survivors (3072K)
 Metaspace       used 116080K, committed 116864K, reserved 1179648K
  class space    used 15302K, committed 15680K, reserved 1048576K
}
Event: 44.034 GC heap after
{Heap after GC invocations=53 (full 0):
 garbage-first heap   total 247808K, used 160081K [0x0000000080000000, 0x0000000100000000)
  region size 1024K, 4 young (4096K), 4 survivors (4096K)
 Metaspace       used 116080K, committed 116864K, reserved 1179648K
  class space    used 15302K, committed 15680K, reserved 1048576K
}
Event: 44.591 GC heap before
{Heap before GC invocations=53 (full 0):
 garbage-first heap   total 247808K, used 203089K [0x0000000080000000, 0x0000000100000000)
  region size 1024K, 47 young (48128K), 4 survivors (4096K)
 Metaspace       used 116571K, committed 117376K, reserved 1179648K
  class space    used 15347K, committed 15744K, reserved 1048576K
}
Event: 44.597 GC heap after
{Heap after GC invocations=54 (full 0):
 garbage-first heap   total 247808K, used 162330K [0x0000000080000000, 0x0000000100000000)
  region size 1024K, 5 young (5120K), 5 survivors (5120K)
 Metaspace       used 116571K, committed 117376K, reserved 1179648K
  class space    used 15347K, committed 15744K, reserved 1048576K
}
Event: 44.909 GC heap before
{Heap before GC invocations=54 (full 0):
 garbage-first heap   total 247808K, used 204314K [0x0000000080000000, 0x0000000100000000)
  region size 1024K, 47 young (48128K), 5 survivors (5120K)
 Metaspace       used 117209K, committed 118016K, reserved 1179648K
  class space    used 15410K, committed 15808K, reserved 1048576K
}
Event: 44.915 GC heap after
{Heap after GC invocations=55 (full 0):
 garbage-first heap   total 247808K, used 164827K [0x0000000080000000, 0x0000000100000000)
  region size 1024K, 6 young (6144K), 6 survivors (6144K)
 Metaspace       used 117209K, committed 118016K, reserved 1179648K
  class space    used 15410K, committed 15808K, reserved 1048576K
}
Event: 45.489 GC heap before
{Heap before GC invocations=55 (full 0):
 garbage-first heap   total 247808K, used 205787K [0x0000000080000000, 0x0000000100000000)
  region size 1024K, 47 young (48128K), 6 survivors (6144K)
 Metaspace       used 117897K, committed 118720K, reserved 1179648K
  class space    used 15483K, committed 15872K, reserved 1048576K
}
Event: 45.496 GC heap after
{Heap after GC invocations=56 (full 0):
 garbage-first heap   total 247808K, used 165521K [0x0000000080000000, 0x0000000100000000)
  region size 1024K, 2 young (2048K), 2 survivors (2048K)
 Metaspace       used 117897K, committed 118720K, reserved 1179648K
  class space    used 15483K, committed 15872K, reserved 1048576K
}
Event: 47.471 GC heap before
{Heap before GC invocations=56 (full 0):
 garbage-first heap   total 247808K, used 207505K [0x0000000080000000, 0x0000000100000000)
  region size 1024K, 44 young (45056K), 2 survivors (2048K)
 Metaspace       used 118167K, committed 119040K, reserved 1179648K
  class space    used 15515K, committed 15936K, reserved 1048576K
}
Event: 47.506 GC heap after
{Heap after GC invocations=57 (full 0):
 garbage-first heap   total 247808K, used 170947K [0x0000000080000000, 0x0000000100000000)
  region size 1024K, 6 young (6144K), 6 survivors (6144K)
 Metaspace       used 118167K, committed 119040K, reserved 1179648K
  class space    used 15515K, committed 15936K, reserved 1048576K
}

